<?xml version="1.0" encoding="UTF-8"?>
<!-- Generated by org.testng.reporters.JUnitXMLReporter -->
<testsuite ignored="0" hostname="DESKTOP-EV42BI4" failures="1" tests="1" name="Surefire test" time="23.278" errors="0" timestamp="2025-11-26T11:13:39 ICT">
  <testcase classname="io.cucumber.testng.AbstractTestNGCucumberTests" name="runScenario" time="21.797">
    <failure type="java.lang.AssertionError" message="❌ Login passed for invalid user. expected [false] but found [true]">
      <![CDATA[java.lang.AssertionError: ❌ Login passed for invalid user. expected [false] but found [true]
at stepDefinitions.LoginSteps.user_logs_in_with_excel_data(LoginSteps.java:51)
at ✽.user logs in with Excel data(file:///C:/Users/LENOVO/eclipse-workspace/SeleniumBDDFramework/src/test/resources/features/Login.feature:5)
... Removed 3 stack frames]]>
    </failure>
  </testcase> <!-- runScenario -->
</testsuite> <!-- Surefire test -->
