-------------------------------------------------------------------------------
Test set: runners.TestRunner
-------------------------------------------------------------------------------
Tests run: 1, Failures: 1, Errors: 0, Skipped: 0, Time elapsed: 25.32 s <<< FAILURE! -- in runners.TestRunner
runners.TestRunner.runScenario["Verify user can login with Excel data", "Practice Test Login Functionality"](1) -- Time elapsed: 21.82 s <<< FAILURE!
java.lang.AssertionError: ❌ Login passed for invalid user. expected [false] but found [true]
	at org.testng.Assert.fail(Assert.java:111)
	at org.testng.Assert.failNotEquals(Assert.java:1578)
	at org.testng.Assert.assertFalse(Assert.java:79)
	at stepDefinitions.LoginSteps.user_logs_in_with_excel_data(LoginSteps.java:51)
	at ✽.user logs in with Excel data(file:///C:/Users/LENOVO/eclipse-workspace/SeleniumBDDFramework/src/test/resources/features/Login.feature:5)

