<?xml version="1.0" encoding="UTF-8"?>
<testng-results ignored="0" total="1" passed="0" failed="1" skipped="0">
  <reporter-output>
  </reporter-output>
  <suite started-at="2025-11-26T11:13:15 ICT" name="Surefire suite" finished-at="2025-11-26T11:13:39 ICT" duration-ms="23278">
    <groups>
      <group name="cucumber">
        <method signature="AbstractTestNGCucumberTests.runScenario(io.cucumber.testng.PickleWrapper,io.cucumber.testng.FeatureWrapper)[pri:0, instance:runners.TestRunner@66d3eec0]" name="runScenario" class="io.cucumber.testng.AbstractTestNGCucumberTests"/>
      </group> <!-- cucumber -->
    </groups>
    <test started-at="2025-11-26T11:13:15 ICT" name="Surefire test" finished-at="2025-11-26T11:13:39 ICT" duration-ms="23278">
      <class name="runners.TestRunner">
        <test-method is-config="true" signature="setUpClass(org.testng.ITestContext)[pri:0, instance:runners.TestRunner@66d3eec0]" started-at="2025-11-26T11:13:15 ICT" name="setUpClass" finished-at="2025-11-26T11:13:17 ICT" duration-ms="1326" status="PASS">
          <params>
            <param index="0">
              <value>
                <![CDATA[org.testng.TestRunner@640a8f93]]>
              </value>
            </param>
          </params>
          <reporter-output>
          </reporter-output>
        </test-method> <!-- setUpClass -->
        <test-method signature="runScenario(io.cucumber.testng.PickleWrapper,io.cucumber.testng.FeatureWrapper)[pri:0, instance:runners.TestRunner@66d3eec0]" started-at="2025-11-26T11:13:17 ICT" name="runScenario" description="Runs Cucumber Scenarios" data-provider="scenarios" finished-at="2025-11-26T11:13:38 ICT" duration-ms="21797" status="FAIL">
          <params>
            <param index="0">
              <value>
                <![CDATA["Verify user can login with Excel data"]]>
              </value>
            </param>
            <param index="1">
              <value>
                <![CDATA["Practice Test Login Functionality"]]>
              </value>
            </param>
          </params>
          <exception class="java.lang.AssertionError">
            <message>
              <![CDATA[❌ Login passed for invalid user. expected [false] but found [true]]]>
            </message>
            <full-stacktrace>
              <![CDATA[java.lang.AssertionError: ❌ Login passed for invalid user. expected [false] but found [true]
at org.testng.Assert.fail(Assert.java:111)
at org.testng.Assert.failNotEquals(Assert.java:1578)
at org.testng.Assert.assertFalse(Assert.java:79)
at stepDefinitions.LoginSteps.user_logs_in_with_excel_data(LoginSteps.java:51)
at ✽.user logs in with Excel data(file:///C:/Users/LENOVO/eclipse-workspace/SeleniumBDDFramework/src/test/resources/features/Login.feature:5)
]]>
            </full-stacktrace>
          </exception> <!-- java.lang.AssertionError -->
          <reporter-output>
          </reporter-output>
        </test-method> <!-- runScenario -->
        <test-method is-config="true" signature="tearDownClass()[pri:0, instance:runners.TestRunner@66d3eec0]" started-at="2025-11-26T11:13:39 ICT" name="tearDownClass" finished-at="2025-11-26T11:13:39 ICT" duration-ms="46" status="PASS">
          <reporter-output>
          </reporter-output>
        </test-method> <!-- tearDownClass -->
      </class> <!-- runners.TestRunner -->
    </test> <!-- Surefire test -->
  </suite> <!-- Surefire suite -->
</testng-results>
