<?xml version="1.0" encoding="UTF-8"?>
<testng-results skipped="0" failed="1" ignored="0" total="1" passed="0">
  <reporter-output>
  </reporter-output>
  <suite name="runners.TestRunner" duration-ms="27900" started-at="2025-11-05T10:48:51 ICT" finished-at="2025-11-05T10:49:19 ICT">
    <groups>
      <group name="cucumber">
        <method signature="AbstractTestNGCucumberTests.runScenario(io.cucumber.testng.PickleWrapper,io.cucumber.testng.FeatureWrapper)[pri:0, instance:runners.TestRunner@78e67e0a]" name="runScenario" class="io.cucumber.testng.AbstractTestNGCucumberTests"/>
      </group> <!-- cucumber -->
    </groups>
    <test name="Command line test" duration-ms="27900" started-at="2025-11-05T10:48:51 ICT" finished-at="2025-11-05T10:49:19 ICT">
      <class name="runners.TestRunner">
        <test-method status="PASS" signature="setUpClass(org.testng.ITestContext)[pri:0, instance:runners.TestRunner@78e67e0a]" name="setUpClass" is-config="true" duration-ms="1195" started-at="2025-11-05T10:48:51 ICT" finished-at="2025-11-05T10:48:52 ICT">
          <params>
            <param index="0">
              <value>
                <![CDATA[org.testng.TestRunner@5d2828c9]]>
              </value>
            </param>
          </params>
          <reporter-output>
          </reporter-output>
        </test-method> <!-- setUpClass -->
        <test-method status="FAIL" signature="runScenario(io.cucumber.testng.PickleWrapper,io.cucumber.testng.FeatureWrapper)[pri:0, instance:runners.TestRunner@78e67e0a]" name="runScenario" duration-ms="26500" started-at="2025-11-05T10:48:52 ICT" description="Runs Cucumber Scenarios" data-provider="scenarios" finished-at="2025-11-05T10:49:19 ICT">
          <params>
            <param index="0">
              <value>
                <![CDATA["Verify login popup opens successfully"]]>
              </value>
            </param>
            <param index="1">
              <value>
                <![CDATA["Flipkart Login Feature"]]>
              </value>
            </param>
          </params>
          <exception class="java.lang.AssertionError">
            <message>
              <![CDATA[For testing Extent Report — forcing failure]]>
            </message>
            <full-stacktrace>
              <![CDATA[java.lang.AssertionError: For testing Extent Report — forcing failure
at org.testng.Assert.fail(Assert.java:99)
at stepDefinitions.LoginSteps.login_popup_should_be_displayed(LoginSteps.java:26)
at ✽.login popup should be displayed(file:///C:/Users/LENOVO/eclipse-workspace/SeleniumBDDFramework/src/test/resources/features/Login.feature:6)
]]>
            </full-stacktrace>
          </exception> <!-- java.lang.AssertionError -->
          <reporter-output>
          </reporter-output>
        </test-method> <!-- runScenario -->
        <test-method status="PASS" signature="tearDownClass()[pri:0, instance:runners.TestRunner@78e67e0a]" name="tearDownClass" is-config="true" duration-ms="109" started-at="2025-11-05T10:49:19 ICT" finished-at="2025-11-05T10:49:19 ICT">
          <reporter-output>
          </reporter-output>
        </test-method> <!-- tearDownClass -->
      </class> <!-- runners.TestRunner -->
    </test> <!-- Command line test -->
  </suite> <!-- runners.TestRunner -->
</testng-results>
