<?xml version="1.0" encoding="UTF-8" ?>
<testsuite tests="1" failures="1" name="runners.TestRunner" time="26.517" errors="0" skipped="0">
  <properties>
[...]
</properties>
  <testcase classname="runners.TestRunner" name="runScenario" time="26.517">
    <failure message="For testing Extent Report — forcing failure" type="java.lang.AssertionError">java.lang.AssertionError: For testing Extent Report — forcing failure
	at org.testng.Assert.fail(Assert.java:99)
	at stepDefinitions.LoginSteps.login_popup_should_be_displayed(LoginSteps.java:26)
	at ✽.login popup should be displayed(file:///C:/Users/LENOVO/eclipse-workspace/SeleniumBDDFramework/src/test/resources/features/Login.feature:6)
</failure>
    <system-out>Configuring TestNG with: org.apache.maven.surefire.testng.conf.TestNG652Configurator@4cdbe50f

Scenario: Verify login popup opens successfully # src/test/resources/features/Login.feature:3
? Launching browser: chrome
? Browser launched successfully: chrome
? Navigated to URL: https://www.flipkart.com
? Timeout set to: 10 seconds
? Extent Report created: C:\Users\LENOVO\eclipse-workspace\SeleniumBDDFramework/reports/ExtentReport_2025-11-05_10-49-02.html
? Launching browser: chrome
? Browser launched successfully: chrome
? Navigated to URL: https://www.flipkart.com
? Timeout set to: 10 seconds
? Browser launched and Flipkart opened
  Given user launches the Flipkart application  # stepDefinitions.LoginSteps.user_launches_the_flipkart_application()
?? Clicked on Login button (we’ll automate later)
  When user clicks on the Login button          # stepDefinitions.LoginSteps.user_clicks_on_the_login_button()
  Then login popup should be displayed          # stepDefinitions.LoginSteps.login_popup_should_be_displayed()
      java.lang.AssertionError: For testing Extent Report â€” forcing failure
	at org.testng.Assert.fail(Assert.java:99)
	at stepDefinitions.LoginSteps.login_popup_should_be_displayed(LoginSteps.java:26)
	at âœ½.login popup should be displayed(file:///C:/Users/LENOVO/eclipse-workspace/SeleniumBDDFramework/src/test/resources/features/Login.feature:6)

? Fallback screenshot captured: C:\Users\LENOVO\eclipse-workspace\SeleniumBDDFramework/reports/screenshots/Verify login popup opens successfully_20251105_104914.png
Extent Report generated successfully.
Browser closed successfully.
</system-out>
    <system-err>SLF4J(W): No SLF4J providers were found.
SLF4J(W): Defaulting to no-operation (NOP) logger implementation
SLF4J(W): See https://www.slf4j.org/codes.html#noProviders for further details.
Starting ChromeDriver 142.0.7444.59 (4b8153ab58d3c3f4c9f7e4baad9616ecf80db5fa-refs/branch-heads/7444_52@{#4}) on port 12206
Only local connections are allowed.
Please see https://chromedriver.chromium.org/security-considerations for suggestions on keeping ChromeDriver safe.
ChromeDriver was started successfully on port 12206.
Nov 05, 2025 10:48:57 AM org.openqa.selenium.devtools.CdpVersionFinder findNearestMatch
WARNING: Unable to find CDP implementation matching 142
Nov 05, 2025 10:48:57 AM org.openqa.selenium.chromium.ChromiumDriver lambda$new$3
WARNING: Unable to find version of CDP to use for . You may need to include a dependency on a specific version of the CDP using something similar to `org.seleniumhq.selenium:selenium-devtools-v86:4.8.3` where the version (&quot;v86&quot;) matches the version of the chromium-based browser you&apos;re using and the version number of the artifact is the same as Selenium&apos;s.
Starting ChromeDriver 142.0.7444.59 (4b8153ab58d3c3f4c9f7e4baad9616ecf80db5fa-refs/branch-heads/7444_52@{#4}) on port 41197
Only local connections are allowed.
Please see https://chromedriver.chromium.org/security-considerations for suggestions on keeping ChromeDriver safe.
ChromeDriver was started successfully on port 41197.
Nov 05, 2025 10:49:06 AM org.openqa.selenium.devtools.CdpVersionFinder findNearestMatch
WARNING: Unable to find CDP implementation matching 142
Nov 05, 2025 10:49:06 AM org.openqa.selenium.chromium.ChromiumDriver lambda$new$3
WARNING: Unable to find version of CDP to use for . You may need to include a dependency on a specific version of the CDP using something similar to `org.seleniumhq.selenium:selenium-devtools-v86:4.8.3` where the version (&quot;v86&quot;) matches the version of the chromium-based browser you&apos;re using and the version number of the artifact is the same as Selenium&apos;s.
</system-err>
  </testcase>
</testsuite>