<?xml version="1.0" encoding="UTF-8"?>
<testsuite xmlns:xsi="http://www.w3.org/2001/XMLSchema-instance" xsi:noNamespaceSchemaLocation="https://maven.apache.org/surefire/maven-surefire-plugin/xsd/surefire-test-report-3.0.xsd" version="3.0" name="runners.TestRunner" time="25.323" tests="1" errors="0" skipped="0" failures="1">
  <properties>
[...]
</properties>
  <testcase name="runScenario[&quot;Verify user can login with Excel data&quot;, &quot;Practice Test Login Functionality&quot;](1)" classname="runners.TestRunner" time="21.818">
    <failure message="❌ Login passed for invalid user. expected [false] but found [true]" type="java.lang.AssertionError"><![CDATA[java.lang.AssertionError: ❌ Login passed for invalid user. expected [false] but found [true]
	at org.testng.Assert.fail(Assert.java:111)
	at org.testng.Assert.failNotEquals(Assert.java:1578)
	at org.testng.Assert.assertFalse(Assert.java:79)
	at stepDefinitions.LoginSteps.user_logs_in_with_excel_data(LoginSteps.java:51)
	at ✽.user logs in with Excel data(file:///C:/Users/LENOVO/eclipse-workspace/SeleniumBDDFramework/src/test/resources/features/Login.feature:5)
]]></failure>
    <system-out><![CDATA[
Scenario: Verify user can login with Excel data    # src/test/resources/features/Login.feature:3
✅ Config file loaded successfully
🧠 Launching browser: chrome
✅ Browser launched successfully: chrome
🌐 Navigated to URL: https://practicetestautomation.com/practice-test-login/
⏱ Timeout set to: 10 seconds
📄 Extent Report created: C:\Users\LENOVO\eclipse-workspace\SeleniumBDDFramework/reports/ExtentReport_2025-11-26_11-13-31.html
ℹ️ Browser already initialized. Reusing existing driver.
🌐 Practice Test Login page opened successfully
  Given user launches the practice test login page # stepDefinitions.LoginSteps.user_launches_the_practice_test_login_page()
🔹 Running: TC01 | Username: student
  When user logs in with Excel data                # stepDefinitions.LoginSteps.user_logs_in_with_excel_data()
      java.lang.AssertionError: â�Œ Login passed for invalid user. expected [false] but found [true]
	at org.testng.Assert.fail(Assert.java:111)
	at org.testng.Assert.failNotEquals(Assert.java:1578)
	at org.testng.Assert.assertFalse(Assert.java:79)
	at stepDefinitions.LoginSteps.user_logs_in_with_excel_data(LoginSteps.java:51)
	at âœ½.user logs in with Excel data(file:///C:/Users/LENOVO/eclipse-workspace/SeleniumBDDFramework/src/test/resources/features/Login.feature:5)

  Then user should be logged in successfully       # stepDefinitions.LoginSteps.user_should_be_logged_in_successfully()
📸 Fallback screenshot captured: C:\Users\LENOVO\eclipse-workspace\SeleniumBDDFramework/reports/screenshots/Verify user can login with Excel data_20251126_111336.png
📄 Extent Report generated successfully.
🧹 Browser closed and driver reset successfully.
🧹 Browser closed successfully and driver reset.
]]></system-out>
    <system-err><![CDATA[SLF4J: Failed to load class "org.slf4j.impl.StaticLoggerBinder".
SLF4J: Defaulting to no-operation (NOP) logger implementation
SLF4J: See http://www.slf4j.org/codes.html#StaticLoggerBinder for further details.
Nov 26, 2025 11:13:28 AM org.openqa.selenium.devtools.CdpVersionFinder findNearestMatch
WARNING: Unable to find CDP implementation matching 142
Nov 26, 2025 11:13:28 AM org.openqa.selenium.chromium.ChromiumDriver lambda$new$5
WARNING: Unable to find version of CDP to use for 142.0.7444.176. You may need to include a dependency on a specific version of the CDP using something similar to `org.seleniumhq.selenium:selenium-devtools-v86:4.25.0` where the version ("v86") matches the version of the chromium-based browser you're using and the version number of the artifact is the same as Selenium's.
ERROR StatusLogger Log4j2 could not find a logging implementation. Please add log4j-core to the classpath. Using SimpleLogger to log to the console...
]]></system-err>
  </testcase>
</testsuite>