<?xml version="1.0" encoding="UTF-8"?>
<!-- Generated by org.testng.reporters.JUnitXMLReporter -->
<testsuite hostname="DESKTOP-EV42BI4" ignored="0" name="Command line test" tests="1" failures="1" timestamp="2025-11-05T10:49:19 ICT" time="27.9" errors="0">
  <testcase name="runScenario" time="26.5" classname="io.cucumber.testng.AbstractTestNGCucumberTests">
    <failure type="java.lang.AssertionError" message="For testing Extent Report — forcing failure">
      <![CDATA[java.lang.AssertionError: For testing Extent Report — forcing failure
at stepDefinitions.LoginSteps.login_popup_should_be_displayed(LoginSteps.java:26)
at ✽.login popup should be displayed(file:///C:/Users/LENOVO/eclipse-workspace/SeleniumBDDFramework/src/test/resources/features/Login.feature:6)
... Removed 1 stack frames]]>
    </failure>
  </testcase> <!-- runScenario -->
</testsuite> <!-- Command line test -->
