<?xml version="1.0" encoding="UTF-8"?>
<!-- Generated by org.testng.reporters.JUnitReportReporter -->
<testsuite hostname="DESKTOP-EV42BI4" failures="1" tests="1" name="runners.TestRunner" time="21.797" errors="0" timestamp="2025-11-26T11:13:39 ICT" skipped="0">
  <testcase classname="runners.TestRunner" name="runScenario" time="21.797">
    <failure message="❌ Login passed for invalid user. expected [false] but found [true]" type="java.lang.AssertionError">
      <![CDATA[java.lang.AssertionError: ❌ Login passed for invalid user. expected [false] but found [true]
at org.testng.Assert.fail(Assert.java:111)
at org.testng.Assert.failNotEquals(Assert.java:1578)
at org.testng.Assert.assertFalse(Assert.java:79)
at stepDefinitions.LoginSteps.user_logs_in_with_excel_data(LoginSteps.java:51)
at ✽.user logs in with Excel data(file:///C:/Users/LENOVO/eclipse-workspace/SeleniumBDDFramework/src/test/resources/features/Login.feature:5)
]]>
    </failure>
  </testcase> <!-- runScenario -->
</testsuite> <!-- runners.TestRunner -->
