<?xml version="1.0" encoding="UTF-8"?>
<!-- Generated by org.testng.reporters.JUnitReportReporter -->
<testsuite skipped="0" hostname="DESKTOP-EV42BI4" name="runners.TestRunner" tests="1" failures="1" timestamp="2025-11-05T10:49:19 ICT" time="26.500" errors="0">
  <testcase name="runScenario" time="26.500" classname="runners.TestRunner">
    <failure type="java.lang.AssertionError" message="For testing Extent Report — forcing failure">
      <![CDATA[java.lang.AssertionError: For testing Extent Report — forcing failure
at org.testng.Assert.fail(Assert.java:99)
at stepDefinitions.LoginSteps.login_popup_should_be_displayed(LoginSteps.java:26)
at ✽.login popup should be displayed(file:///C:/Users/LENOVO/eclipse-workspace/SeleniumBDDFramework/src/test/resources/features/Login.feature:6)
]]>
    </failure>
  </testcase> <!-- runScenario -->
  <system-out/>
</testsuite> <!-- runners.TestRunner -->
